{
  "stats": {
    "suites": 1,
    "tests": 1,
    "passes": 1,
    "pending": 0,
    "failures": 0,
    "start": "2022-08-02T19:28:33.971Z",
    "end": "2022-08-02T19:28:36.984Z",
    "duration": 3013,
    "testsRegistered": 1,
    "passPercent": 100,
    "pendingPercent": 0,
    "other": 0,
    "hasOther": false,
    "skipped": 0,
    "hasSkipped": false
  },
  "results": [
    {
      "uuid": "a1a6c276-62ea-4d86-a9db-a1a8109c8b0c",
      "title": "",
      "fullFile": "cypress/integration/06.ExpensesTable_spec.js",
      "file": "cypress/integration/06.ExpensesTable_spec.js",
      "beforeHooks": [],
      "afterHooks": [],
      "tests": [],
      "suites": [
        {
          "uuid": "2642b320-912c-409c-853a-f77cd3a10146",
          "title": "6 - Desenvolva uma tabela com os gastos contendo as seguintes características:",
          "fullFile": "",
          "file": "",
          "beforeHooks": [],
          "afterHooks": [],
          "tests": [
            {
              "title": "A tabela deve possuir um cabeçalho com os campos Descrição, Tag, Método de pagamento, Valor, Moeda, Câmbio utilizado, Valor convertido e Moeda de conversão",
              "fullTitle": "6 - Desenvolva uma tabela com os gastos contendo as seguintes características: A tabela deve possuir um cabeçalho com os campos Descrição, Tag, Método de pagamento, Valor, Moeda, Câmbio utilizado, Valor convertido e Moeda de conversão",
              "timedOut": null,
              "duration": 1772,
              "state": "passed",
              "speed": "fast",
              "pass": true,
              "fail": false,
              "pending": false,
              "context": null,
              "code": "cy.get('th').should('have.length', _constants.tableHeaderList.length);\ncy.wrap(_constants.tableHeaderList).each(header => {\n  cy.get('th').contains(header);\n});",
              "err": {},
              "uuid": "84d5447c-a099-42c9-bc08-973c5e9b7ea5",
              "parentUUID": "2642b320-912c-409c-853a-f77cd3a10146",
              "isHook": false,
              "skipped": false
            }
          ],
          "suites": [],
          "passes": [
            "84d5447c-a099-42c9-bc08-973c5e9b7ea5"
          ],
          "failures": [],
          "pending": [],
          "skipped": [],
          "duration": 1772,
          "root": false,
          "rootEmpty": false,
          "_timeout": 2000
        }
      ],
      "passes": [],
      "failures": [],
      "pending": [],
      "skipped": [],
      "duration": 0,
      "root": true,
      "rootEmpty": true,
      "_timeout": 2000
    }
  ],
  "meta": {
    "mocha": {
      "version": "7.0.1"
    },
    "mochawesome": {
      "options": {
        "quiet": false,
        "reportFilename": "mochawesome",
        "saveHtml": false,
        "saveJson": true,
        "consoleReporter": "spec",
        "useInlineDiffs": false,
        "code": true
      },
      "version": "7.1.3"
    },
    "marge": {
      "options": {
        "id": "default",
        "reportDir": "cypress/reports",
        "overwrite": false,
        "html": false,
        "json": true
      },
      "version": "6.2.0"
    }
  }
}