{
  "stats": {
    "suites": 1,
    "tests": 1,
    "passes": 1,
    "pending": 0,
    "failures": 0,
    "start": "2022-08-02T19:28:38.496Z",
    "end": "2022-08-02T19:28:45.189Z",
    "duration": 6693,
    "testsRegistered": 1,
    "passPercent": 100,
    "pendingPercent": 0,
    "other": 0,
    "hasOther": false,
    "skipped": 0,
    "hasSkipped": false
  },
  "results": [
    {
      "uuid": "49f8e176-f21a-4afe-beaa-bc9a248e4607",
      "title": "",
      "fullFile": "cypress/integration/07.ExpenseGlobalState_spec.js",
      "file": "cypress/integration/07.ExpenseGlobalState_spec.js",
      "beforeHooks": [],
      "afterHooks": [],
      "tests": [],
      "suites": [
        {
          "uuid": "eccb2e64-8d3f-4740-94be-4b8d8585900d",
          "title": "7 - Implemente a lógica para que a tabela seja alimentada pelo estado da aplicação",
          "fullFile": "",
          "file": "",
          "beforeHooks": [],
          "afterHooks": [],
          "tests": [
            {
              "title": "A tabela deve ser alimentada pelo estado da aplicação, que estará disponível na chave expenses que vem do reducer wallet.",
              "fullTitle": "7 - Implemente a lógica para que a tabela seja alimentada pelo estado da aplicação A tabela deve ser alimentada pelo estado da aplicação, que estará disponível na chave expenses que vem do reducer wallet.",
              "timedOut": null,
              "duration": 5143,
              "state": "passed",
              "speed": "medium",
              "pass": true,
              "fail": false,
              "pending": false,
              "context": null,
              "code": "const expectedTableRows = [['Dez dólares', 'Trabalho', 'Cartão de débito', '10.00', 'Dólar Americano/Real Brasileiro', '4.75', '47.53', 'Real'], ['Cinco euros', 'Lazer', 'Cartão de crédito', '5.00', 'Euro/Real Brasileiro', '5.13', '25.63', 'Real']];\ncy.get('tbody tr').should('have.length', expectedTableRows.length);\ncy.get('tbody tr').each((row, index) => {\n  cy.wrap(expectedTableRows[index]).each(expectedValue => {\n    cy.get(row).find('td').contains(expectedValue);\n  });\n});",
              "err": {},
              "uuid": "74c88805-8911-47e0-9990-58dcef661bd5",
              "parentUUID": "eccb2e64-8d3f-4740-94be-4b8d8585900d",
              "isHook": false,
              "skipped": false
            }
          ],
          "suites": [],
          "passes": [
            "74c88805-8911-47e0-9990-58dcef661bd5"
          ],
          "failures": [],
          "pending": [],
          "skipped": [],
          "duration": 5143,
          "root": false,
          "rootEmpty": false,
          "_timeout": 2000
        }
      ],
      "passes": [],
      "failures": [],
      "pending": [],
      "skipped": [],
      "duration": 0,
      "root": true,
      "rootEmpty": true,
      "_timeout": 2000
    }
  ],
  "meta": {
    "mocha": {
      "version": "7.0.1"
    },
    "mochawesome": {
      "options": {
        "quiet": false,
        "reportFilename": "mochawesome",
        "saveHtml": false,
        "saveJson": true,
        "consoleReporter": "spec",
        "useInlineDiffs": false,
        "code": true
      },
      "version": "7.1.3"
    },
    "marge": {
      "options": {
        "id": "default",
        "reportDir": "cypress/reports",
        "overwrite": false,
        "html": false,
        "json": true
      },
      "version": "6.2.0"
    }
  }
}