{
  "stats": {
    "suites": 1,
    "tests": 4,
    "passes": 0,
    "pending": 0,
    "failures": 4,
    "start": "2022-08-03T13:37:57.896Z",
    "end": "2022-08-03T13:38:02.801Z",
    "duration": 4905,
    "testsRegistered": 4,
    "passPercent": 0,
    "pendingPercent": 0,
    "other": 0,
    "hasOther": false,
    "skipped": 0,
    "hasSkipped": false
  },
  "results": [
    {
      "uuid": "a6af2683-f27f-4ae8-9035-9d68ea48666f",
      "title": "",
      "fullFile": "cypress/integration/10.TestCoverage_spec.js",
      "file": "cypress/integration/10.TestCoverage_spec.js",
      "beforeHooks": [],
      "afterHooks": [],
      "tests": [],
      "suites": [
        {
          "uuid": "090abb7c-ab81-4c30-abbe-76bc61c88817",
          "title": "10 - Desenvolva testes para atingir 90% de cobertura total da aplicação",
          "fullFile": "",
          "file": "",
          "beforeHooks": [],
          "afterHooks": [],
          "tests": [
            {
              "title": "Cobertura de \"Statements\" total deverá ser maior ou igual a 90.",
              "fullTitle": "10 - Desenvolva testes para atingir 90% de cobertura total da aplicação Cobertura de \"Statements\" total deverá ser maior ou igual a 90.",
              "timedOut": null,
              "duration": 1203,
              "state": "failed",
              "speed": null,
              "pass": false,
              "fail": true,
              "pending": false,
              "context": null,
              "code": "cy.task('getCoverage', (0, _getId.getId)()).its('total.statements.pct', {\n  timeout: 0\n}).should('be.gte', 90.00);",
              "err": {
                "message": "CypressError: `cy.task('getCoverage')` failed with the following error:\n\n> Command failed: npm run test-coverage -- --coverageReporters=\"json-summary\" --testFailureExitCode=0\n\n\nhttps://on.cypress.io/api/task",
                "estack": "CypressError: `cy.task('getCoverage')` failed with the following error:\n\n> Command failed: npm run test-coverage -- --coverageReporters=\"json-summary\" --testFailureExitCode=0\n\n\nhttps://on.cypress.io/api/task\n    at http://localhost:34153/__cypress/runner/cypress_runner.js:167117:78\n    at tryCatcher (http://localhost:34153/__cypress/runner/cypress_runner.js:13022:23)\n    at Promise._settlePromiseFromHandler (http://localhost:34153/__cypress/runner/cypress_runner.js:10957:31)\n    at Promise._settlePromise (http://localhost:34153/__cypress/runner/cypress_runner.js:11014:18)\n    at Promise._settlePromise0 (http://localhost:34153/__cypress/runner/cypress_runner.js:11059:10)\n    at Promise._settlePromises (http://localhost:34153/__cypress/runner/cypress_runner.js:11135:18)\n    at _drainQueueStep (http://localhost:34153/__cypress/runner/cypress_runner.js:7729:12)\n    at _drainQueue (http://localhost:34153/__cypress/runner/cypress_runner.js:7722:9)\n    at Async.../../node_modules/bluebird/js/release/async.js.Async._drainQueues (http://localhost:34153/__cypress/runner/cypress_runner.js:7738:5)\n    at Async.drainQueues (http://localhost:34153/__cypress/runner/cypress_runner.js:7608:14)\nFrom Your Spec Code:\n    at Context.eval (http://localhost:34153/__cypress/tests?p=cypress/integration/10.TestCoverage_spec.js:103:8)\n\nFrom Node.js Internals:\n  Error: Command failed: npm run test-coverage -- --coverageReporters=\"json-summary\" --testFailureExitCode=0\n  \n      at ChildProcess.exithandler (node:child_process:398:12)\n      at ChildProcess.emit (node:events:527:28)\n      at maybeClose (node:internal/child_process:1092:16)\n      at Socket.<anonymous> (node:internal/child_process:451:11)\n      at Socket.emit (node:events:527:28)\n      at Pipe.<anonymous> (node:net:709:12)",
                "diff": null
              },
              "uuid": "e8881d90-ff16-44c6-abdd-f943239e0160",
              "parentUUID": "090abb7c-ab81-4c30-abbe-76bc61c88817",
              "isHook": false,
              "skipped": false
            },
            {
              "title": "Cobertura de \"Functions\" total deverá ser maior ou igual a 90.",
              "fullTitle": "10 - Desenvolva testes para atingir 90% de cobertura total da aplicação Cobertura de \"Functions\" total deverá ser maior ou igual a 90.",
              "timedOut": null,
              "duration": 1196,
              "state": "failed",
              "speed": null,
              "pass": false,
              "fail": true,
              "pending": false,
              "context": null,
              "code": "cy.task('getCoverage', (0, _getId.getId)()).its('total.functions.pct', {\n  timeout: 0\n}).should('be.gte', 90.00);",
              "err": {
                "message": "CypressError: `cy.task('getCoverage')` failed with the following error:\n\n> Command failed: npm run test-coverage -- --coverageReporters=\"json-summary\" --testFailureExitCode=0\n\n\nhttps://on.cypress.io/api/task",
                "estack": "CypressError: `cy.task('getCoverage')` failed with the following error:\n\n> Command failed: npm run test-coverage -- --coverageReporters=\"json-summary\" --testFailureExitCode=0\n\n\nhttps://on.cypress.io/api/task\n    at http://localhost:34153/__cypress/runner/cypress_runner.js:167117:78\n    at tryCatcher (http://localhost:34153/__cypress/runner/cypress_runner.js:13022:23)\n    at Promise._settlePromiseFromHandler (http://localhost:34153/__cypress/runner/cypress_runner.js:10957:31)\n    at Promise._settlePromise (http://localhost:34153/__cypress/runner/cypress_runner.js:11014:18)\n    at Promise._settlePromise0 (http://localhost:34153/__cypress/runner/cypress_runner.js:11059:10)\n    at Promise._settlePromises (http://localhost:34153/__cypress/runner/cypress_runner.js:11135:18)\n    at _drainQueueStep (http://localhost:34153/__cypress/runner/cypress_runner.js:7729:12)\n    at _drainQueue (http://localhost:34153/__cypress/runner/cypress_runner.js:7722:9)\n    at Async.../../node_modules/bluebird/js/release/async.js.Async._drainQueues (http://localhost:34153/__cypress/runner/cypress_runner.js:7738:5)\n    at Async.drainQueues (http://localhost:34153/__cypress/runner/cypress_runner.js:7608:14)\nFrom Your Spec Code:\n    at Context.eval (http://localhost:34153/__cypress/tests?p=cypress/integration/10.TestCoverage_spec.js:108:8)\n\nFrom Node.js Internals:\n  Error: Command failed: npm run test-coverage -- --coverageReporters=\"json-summary\" --testFailureExitCode=0\n  \n      at ChildProcess.exithandler (node:child_process:398:12)\n      at ChildProcess.emit (node:events:527:28)\n      at maybeClose (node:internal/child_process:1092:16)\n      at Process.ChildProcess._handle.onexit (node:internal/child_process:302:5)",
                "diff": null
              },
              "uuid": "bd4b521f-cf80-4d9a-addd-0b69246802a9",
              "parentUUID": "090abb7c-ab81-4c30-abbe-76bc61c88817",
              "isHook": false,
              "skipped": false
            },
            {
              "title": "Cobertura de \"Branches\" total deverá ser maior ou igual a 90.",
              "fullTitle": "10 - Desenvolva testes para atingir 90% de cobertura total da aplicação Cobertura de \"Branches\" total deverá ser maior ou igual a 90.",
              "timedOut": null,
              "duration": 1190,
              "state": "failed",
              "speed": null,
              "pass": false,
              "fail": true,
              "pending": false,
              "context": null,
              "code": "cy.task('getCoverage', (0, _getId.getId)()).its('total.branches.pct', {\n  timeout: 0\n}).should('be.gte', 90.00);",
              "err": {
                "message": "CypressError: `cy.task('getCoverage')` failed with the following error:\n\n> Command failed: npm run test-coverage -- --coverageReporters=\"json-summary\" --testFailureExitCode=0\n\n\nhttps://on.cypress.io/api/task",
                "estack": "CypressError: `cy.task('getCoverage')` failed with the following error:\n\n> Command failed: npm run test-coverage -- --coverageReporters=\"json-summary\" --testFailureExitCode=0\n\n\nhttps://on.cypress.io/api/task\n    at http://localhost:34153/__cypress/runner/cypress_runner.js:167117:78\n    at tryCatcher (http://localhost:34153/__cypress/runner/cypress_runner.js:13022:23)\n    at Promise._settlePromiseFromHandler (http://localhost:34153/__cypress/runner/cypress_runner.js:10957:31)\n    at Promise._settlePromise (http://localhost:34153/__cypress/runner/cypress_runner.js:11014:18)\n    at Promise._settlePromise0 (http://localhost:34153/__cypress/runner/cypress_runner.js:11059:10)\n    at Promise._settlePromises (http://localhost:34153/__cypress/runner/cypress_runner.js:11135:18)\n    at _drainQueueStep (http://localhost:34153/__cypress/runner/cypress_runner.js:7729:12)\n    at _drainQueue (http://localhost:34153/__cypress/runner/cypress_runner.js:7722:9)\n    at Async.../../node_modules/bluebird/js/release/async.js.Async._drainQueues (http://localhost:34153/__cypress/runner/cypress_runner.js:7738:5)\n    at Async.drainQueues (http://localhost:34153/__cypress/runner/cypress_runner.js:7608:14)\nFrom Your Spec Code:\n    at Context.eval (http://localhost:34153/__cypress/tests?p=cypress/integration/10.TestCoverage_spec.js:113:8)\n\nFrom Node.js Internals:\n  Error: Command failed: npm run test-coverage -- --coverageReporters=\"json-summary\" --testFailureExitCode=0\n  \n      at ChildProcess.exithandler (node:child_process:398:12)\n      at ChildProcess.emit (node:events:527:28)\n      at maybeClose (node:internal/child_process:1092:16)\n      at Process.ChildProcess._handle.onexit (node:internal/child_process:302:5)",
                "diff": null
              },
              "uuid": "cacaddba-a3fd-43ab-a7ac-d2e500e6b0c7",
              "parentUUID": "090abb7c-ab81-4c30-abbe-76bc61c88817",
              "isHook": false,
              "skipped": false
            },
            {
              "title": "Cobertura de \"Lines\" total deverá ser maior ou igual a 90.",
              "fullTitle": "10 - Desenvolva testes para atingir 90% de cobertura total da aplicação Cobertura de \"Lines\" total deverá ser maior ou igual a 90.",
              "timedOut": null,
              "duration": 1189,
              "state": "failed",
              "speed": null,
              "pass": false,
              "fail": true,
              "pending": false,
              "context": null,
              "code": "cy.task('getCoverage', (0, _getId.getId)()).its('total.lines.pct', {\n  timeout: 0\n}).should('be.gte', 90.00);",
              "err": {
                "message": "CypressError: `cy.task('getCoverage')` failed with the following error:\n\n> Command failed: npm run test-coverage -- --coverageReporters=\"json-summary\" --testFailureExitCode=0\n\n\nhttps://on.cypress.io/api/task",
                "estack": "CypressError: `cy.task('getCoverage')` failed with the following error:\n\n> Command failed: npm run test-coverage -- --coverageReporters=\"json-summary\" --testFailureExitCode=0\n\n\nhttps://on.cypress.io/api/task\n    at http://localhost:34153/__cypress/runner/cypress_runner.js:167117:78\n    at tryCatcher (http://localhost:34153/__cypress/runner/cypress_runner.js:13022:23)\n    at Promise._settlePromiseFromHandler (http://localhost:34153/__cypress/runner/cypress_runner.js:10957:31)\n    at Promise._settlePromise (http://localhost:34153/__cypress/runner/cypress_runner.js:11014:18)\n    at Promise._settlePromise0 (http://localhost:34153/__cypress/runner/cypress_runner.js:11059:10)\n    at Promise._settlePromises (http://localhost:34153/__cypress/runner/cypress_runner.js:11135:18)\n    at _drainQueueStep (http://localhost:34153/__cypress/runner/cypress_runner.js:7729:12)\n    at _drainQueue (http://localhost:34153/__cypress/runner/cypress_runner.js:7722:9)\n    at Async.../../node_modules/bluebird/js/release/async.js.Async._drainQueues (http://localhost:34153/__cypress/runner/cypress_runner.js:7738:5)\n    at Async.drainQueues (http://localhost:34153/__cypress/runner/cypress_runner.js:7608:14)\nFrom Your Spec Code:\n    at Context.eval (http://localhost:34153/__cypress/tests?p=cypress/integration/10.TestCoverage_spec.js:118:8)\n\nFrom Node.js Internals:\n  Error: Command failed: npm run test-coverage -- --coverageReporters=\"json-summary\" --testFailureExitCode=0\n  \n      at ChildProcess.exithandler (node:child_process:398:12)\n      at ChildProcess.emit (node:events:527:28)\n      at maybeClose (node:internal/child_process:1092:16)\n      at Socket.<anonymous> (node:internal/child_process:451:11)\n      at Socket.emit (node:events:527:28)\n      at Pipe.<anonymous> (node:net:709:12)",
                "diff": null
              },
              "uuid": "66120ef7-11f3-4c44-b81f-783814a79af5",
              "parentUUID": "090abb7c-ab81-4c30-abbe-76bc61c88817",
              "isHook": false,
              "skipped": false
            }
          ],
          "suites": [],
          "passes": [],
          "failures": [
            "e8881d90-ff16-44c6-abdd-f943239e0160",
            "bd4b521f-cf80-4d9a-addd-0b69246802a9",
            "cacaddba-a3fd-43ab-a7ac-d2e500e6b0c7",
            "66120ef7-11f3-4c44-b81f-783814a79af5"
          ],
          "pending": [],
          "skipped": [],
          "duration": 4778,
          "root": false,
          "rootEmpty": false,
          "_timeout": 2000
        }
      ],
      "passes": [],
      "failures": [],
      "pending": [],
      "skipped": [],
      "duration": 0,
      "root": true,
      "rootEmpty": true,
      "_timeout": 2000
    }
  ],
  "meta": {
    "mocha": {
      "version": "7.0.1"
    },
    "mochawesome": {
      "options": {
        "quiet": false,
        "reportFilename": "mochawesome",
        "saveHtml": false,
        "saveJson": true,
        "consoleReporter": "spec",
        "useInlineDiffs": false,
        "code": true
      },
      "version": "7.1.3"
    },
    "marge": {
      "options": {
        "id": "default",
        "reportDir": "cypress/reports",
        "overwrite": false,
        "html": false,
        "json": true
      },
      "version": "6.2.0"
    }
  }
}